Order created: 1 for satyamgagre4@gmail.com
Payment verified successfully for order 1
Order created: 2 for satyamgagre4@gmail.com
Payment verified successfully for order 2
Unexpected error in create_checkout_session: module 'razorpay.errors' has no attribute 'RazorpayError'
Unexpected error in create_checkout_session: module 'razorpay.errors' has no attribute 'RazorpayError'
Order created: 3 for satyamgagre4@gmail.com
Payment verified successfully for order 3
Order created: 4 for satyamgagre4@gmail.com
Payment verified successfully for order 4
Order created: 5 for satyamgagre4@gmail.com
Payment verified successfully for order 5
Order created: 6 for satyamgagre4@gmail.com
Payment verified successfully for order 6
Order created: 7 for satyamgagre4@gmail.com
Database save failed: OrderDetail() got unexpected keyword arguments: 'quantity', 'shipping_cost', 'total_amount'
Database save failed: OrderDetail() got unexpected keyword arguments: 'quantity', 'shipping_cost', 'total_amount'
Order created: 8 for satyamgagre4@gmail.com
Order created: 9 for satyamgagre4@gmail.com
Order created: 10 for satyamgagre4@gmail.com
Order created: 11 for satyamgagre4@gmail.com
Payment verified successfully for order 11
Order created: 12 for satyamgagre4@gmail.com
Payment verified successfully for order 12
Order created: 13 for satyamgagre4@gmail.com
Payment verified successfully for order 13
Order created: 14 for satyamgagre4@gmail.com
Order created: 15 for satyamgagre4@gmail.com
Payment verified successfully for order 15
Order created: 16 for rahulmodhve@gmail.com
Payment verified successfully for order 16
